Got call from floor 0 to -1
Assigned to elevator 0 at floor -2
Got call from floor 0 to -1
Assigned to elevator 0 at floor -2
Got call from floor -1 to -2
Assigned to elevator 0 at floor -1
Got call from floor 0 to 7
Assigned to elevator 0 at floor -1
Got call from floor 0 to 1
Assigned to elevator 0 at floor -1
Got call from floor 0 to 10
Assigned to elevator 0 at floor -2
Got call from floor 3 to -1
Assigned to elevator 0 at floor 0
Got call from floor -1 to 2
Assigned to elevator 0 at floor 1
Got call from floor 10 to 0
Assigned to elevator 0 at floor 3
Got call from floor -1 to -2
Assigned to elevator 0 at floor -1
